Using pre-set license
Built from '2020.3/staging' branch; Version is '2020.3.4f1 (0abb6314276a) revision 703331'; Using compiler version '192528614'; Build Type 'Release'
OS: 'Windows 10 Home; OS build 22000.376; Version 2009; 64bit' Language: 'en' Physical Memory: 6057 MB
BatchMode: 1, IsHumanControllingUs: 0, StartBugReporterOnCrash: 0, Is64bit: 1, IsPro: 0

 COMMAND LINE ARGUMENTS:
C:\Program Files\Unity\Hub\Editor\2020.3.4f1\Editor\Unity.exe
-adb2
-batchMode
-noUpm
-name
AssetImportWorker2
-projectPath
C:/Users/devon/Documents/GitHub/PPG-Wayfinding/PPG Resit
-logFile
Logs/AssetImportWorker2.log
-srvPort
59910
Successfully changed project path to: C:/Users/devon/Documents/GitHub/PPG-Wayfinding/PPG Resit
C:/Users/devon/Documents/GitHub/PPG-Wayfinding/PPG Resit
Using Asset Import Pipeline V2.
Refreshing native plugins compatible for Editor in 45.30 ms, found 1 plugins.
Preloading 0 native plugins for Editor in 0.00 ms.
Initialize engine version: 2020.3.4f1 (0abb6314276a)
[Subsystems] Discovering subsystems at path C:/Program Files/Unity/Hub/Editor/2020.3.4f1/Editor/Data/Resources/UnitySubsystems
[Subsystems] Discovering subsystems at path C:/Users/devon/Documents/GitHub/PPG-Wayfinding/PPG Resit/Assets
GfxDevice: creating device client; threaded=0
Direct3D:
    Version:  Direct3D 11.0 [level 11.1]
    Renderer: AMD Radeon(TM) Vega 8 Graphics (ID=0x15d8)
    Vendor:   
    VRAM:     3028 MB
    Driver:   26.20.11028.0
Initialize mono
Mono path[0] = 'C:/Program Files/Unity/Hub/Editor/2020.3.4f1/Editor/Data/Managed'
Mono path[1] = 'C:/Program Files/Unity/Hub/Editor/2020.3.4f1/Editor/Data/MonoBleedingEdge/lib/mono/unityjit'
Mono config path = 'C:/Program Files/Unity/Hub/Editor/2020.3.4f1/Editor/Data/MonoBleedingEdge/etc'
Using monoOptions --debugger-agent=transport=dt_socket,embedding=1,server=y,suspend=n,address=127.0.0.1:56836
Begin MonoManager ReloadAssembly
Registering precompiled unity dll's ...
Register platform support module: C:/Program Files/Unity/Hub/Editor/2020.3.4f1/Editor/Data/PlaybackEngines/WindowsStandaloneSupport/UnityEditor.WindowsStandalone.Extensions.dll
Registered in 0.001752 seconds.
Native extension for WindowsStandalone target not found
Refreshing native plugins compatible for Editor in 45.58 ms, found 1 plugins.
Preloading 0 native plugins for Editor in 0.00 ms.
Mono: successfully reloaded assembly
- Completed reload, in  1.207 seconds
Platform modules already initialized, skipping
Registering precompiled user dll's ...
Registered in 0.001149 seconds.
Begin MonoManager ReloadAssembly
Native extension for WindowsStandalone target not found
Refreshing native plugins compatible for Editor in 48.94 ms, found 1 plugins.
Preloading 0 native plugins for Editor in 0.00 ms.
Mono: successfully reloaded assembly
- Completed reload, in  1.118 seconds
Platform modules already initialized, skipping
========================================================================
Worker process is ready to serve import requests
Launched and connected shader compiler UnityShaderCompiler.exe after 0.15 seconds
Refreshing native plugins compatible for Editor in 0.67 ms, found 1 plugins.
Preloading 0 native plugins for Editor in 0.00 ms.
Unloading 1968 Unused Serialized files (Serialized files now loaded: 0)
System memory in use before: 90.4 MB.
System memory in use after: 90.4 MB.

Unloading 25 unused Assets to reduce memory usage. Loaded Objects now: 2413.
Total: 3.148300 ms (FindLiveObjects: 0.315600 ms CreateObjectMapping: 0.080500 ms MarkObjects: 2.562100 ms  DeleteObjects: 0.188300 ms)

========================================================================
Received Import Request.
  path: Assets/Scenes/Multiple Dialogue Test.unity
  artifactKey: Guid(e03af690daefe224b879538f8c7bd153) Importer(815301076,1909f56bfc062723c751e8b465ee728b)
Start importing Assets/Scenes/Multiple Dialogue Test.unity using Guid(e03af690daefe224b879538f8c7bd153) Importer(815301076,1909f56bfc062723c751e8b465ee728b)  -> (artifact id: 'ded69de75184a747c6c20b75549d863a') in 0.118809 seconds
  Import took 0.155164 seconds .

========================================================================
Received Import Request.
  Time since last request: 0.027948 seconds.
  path: Assets/Scenes
  artifactKey: Guid(e4c3fadf02b2c964e9ddc3471a50aba7) Importer(815301076,1909f56bfc062723c751e8b465ee728b)
Start importing Assets/Scenes using Guid(e4c3fadf02b2c964e9ddc3471a50aba7) Importer(815301076,1909f56bfc062723c751e8b465ee728b)  -> (artifact id: 'b3ab7bd23caa4facca37e96a12f993e2') in 0.013288 seconds
  Import took 0.048144 seconds .

========================================================================
Received Import Request.
  Time since last request: 0.000247 seconds.
  path: Assets/Scenes/Travel Scene.unity
  artifactKey: Guid(2cda990e2423bbf4892e6590ba056729) Importer(815301076,1909f56bfc062723c751e8b465ee728b)
Start importing Assets/Scenes/Travel Scene.unity using Guid(2cda990e2423bbf4892e6590ba056729) Importer(815301076,1909f56bfc062723c751e8b465ee728b)  -> (artifact id: '56fb63bddc2d384061f79f952dd6c6f4') in 0.012913 seconds
  Import took 0.033030 seconds .

========================================================================
Received Import Request.
  Time since last request: 0.000322 seconds.
  path: Assets/pixel_bike.png
  artifactKey: Guid(54fa72152f998e941aed6c12ec7a4739) Importer(815301076,1909f56bfc062723c751e8b465ee728b)
Start importing Assets/pixel_bike.png using Guid(54fa72152f998e941aed6c12ec7a4739) Importer(815301076,1909f56bfc062723c751e8b465ee728b)  -> (artifact id: '16f78d300a3cb7cfd533f8bb2d8a9ad3') in 1.320186 seconds
  Import took 1.540589 seconds .

========================================================================
Received Import Request.
  Time since last request: 81.311730 seconds.
  path: Assets/Animation
  artifactKey: Guid(0d71bb5b809d61e4c918071953127258) Importer(815301076,1909f56bfc062723c751e8b465ee728b)
Start importing Assets/Animation using Guid(0d71bb5b809d61e4c918071953127258) Importer(815301076,1909f56bfc062723c751e8b465ee728b)  -> (artifact id: '14470844af7678d5583c72f6c623792f') in 0.015360 seconds
  Import took 0.030536 seconds .

========================================================================
Received Import Request.
  Time since last request: 2.369797 seconds.
  path: Assets/Animation/ProgressBar.anim
  artifactKey: Guid(dc60407db16b21147be25a59ca28c19c) Importer(815301076,1909f56bfc062723c751e8b465ee728b)
Start importing Assets/Animation/ProgressBar.anim using Guid(dc60407db16b21147be25a59ca28c19c) Importer(815301076,1909f56bfc062723c751e8b465ee728b)  -> (artifact id: '04a9095cf8e4d7a74d48ce68468f2648') in 0.109446 seconds
  Import took 0.145832 seconds .

========================================================================
Received Import Request.
  Time since last request: 0.231161 seconds.
  path: Assets/Animation/ProgressBar.anim
  artifactKey: Guid(dc60407db16b21147be25a59ca28c19c) Importer(815301076,1909f56bfc062723c751e8b465ee728b)
Start importing Assets/Animation/ProgressBar.anim using Guid(dc60407db16b21147be25a59ca28c19c) Importer(815301076,1909f56bfc062723c751e8b465ee728b)  -> (artifact id: '04a9095cf8e4d7a74d48ce68468f2648') in 0.006019 seconds
  Import took 0.012029 seconds .

========================================================================
Received Prepare
Registering precompiled user dll's ...
Registered in 0.001260 seconds.
Begin MonoManager ReloadAssembly
Native extension for WindowsStandalone target not found
Refreshing native plugins compatible for Editor in 0.69 ms, found 1 plugins.
Preloading 0 native plugins for Editor in 0.00 ms.
Mono: successfully reloaded assembly
- Completed reload, in  1.140 seconds
Platform modules already initialized, skipping
Refreshing native plugins compatible for Editor in 0.54 ms, found 1 plugins.
Preloading 0 native plugins for Editor in 0.00 ms.
Unloading 1961 Unused Serialized files (Serialized files now loaded: 0)
System memory in use before: 93.3 MB.
System memory in use after: 93.3 MB.

Unloading 13 unused Assets to reduce memory usage. Loaded Objects now: 2423.
Total: 3.882100 ms (FindLiveObjects: 0.367700 ms CreateObjectMapping: 0.086200 ms MarkObjects: 3.265100 ms  DeleteObjects: 0.161200 ms)

========================================================================
Received Prepare
Registering precompiled user dll's ...
Registered in 0.001138 seconds.
Begin MonoManager ReloadAssembly
Native extension for WindowsStandalone target not found
Refreshing native plugins compatible for Editor in 0.48 ms, found 1 plugins.
Preloading 0 native plugins for Editor in 0.00 ms.
Mono: successfully reloaded assembly
- Completed reload, in  1.112 seconds
Platform modules already initialized, skipping
Refreshing native plugins compatible for Editor in 0.44 ms, found 1 plugins.
Preloading 0 native plugins for Editor in 0.00 ms.
Unloading 1961 Unused Serialized files (Serialized files now loaded: 0)
System memory in use before: 93.4 MB.
System memory in use after: 93.3 MB.

Unloading 13 unused Assets to reduce memory usage. Loaded Objects now: 2427.
Total: 3.432000 ms (FindLiveObjects: 0.374900 ms CreateObjectMapping: 0.101200 ms MarkObjects: 2.792400 ms  DeleteObjects: 0.161500 ms)

AssetImportWorkerClient::OnTransportError - code=2 error=End of file
