Using pre-set license
Built from '2020.3/staging' branch; Version is '2020.3.4f1 (0abb6314276a) revision 703331'; Using compiler version '192528614'; Build Type 'Release'
OS: 'Windows 10 Home; OS build 22000.434; Version 2009; 64bit' Language: 'en' Physical Memory: 16306 MB
BatchMode: 1, IsHumanControllingUs: 0, StartBugReporterOnCrash: 0, Is64bit: 1, IsPro: 0

 COMMAND LINE ARGUMENTS:
C:\Program Files\Unity\Hub\Editor\2020.3.4f1\Editor\Unity.exe
-adb2
-batchMode
-noUpm
-name
AssetImportWorker0
-projectPath
C:/Users/Devon/Documents/GitHub/PPG-Wayfinding/PPG Resit
-logFile
Logs/AssetImportWorker0.log
-srvPort
50407
Successfully changed project path to: C:/Users/Devon/Documents/GitHub/PPG-Wayfinding/PPG Resit
C:/Users/Devon/Documents/GitHub/PPG-Wayfinding/PPG Resit
Using Asset Import Pipeline V2.
Refreshing native plugins compatible for Editor in 45.21 ms, found 1 plugins.
Preloading 0 native plugins for Editor in 0.00 ms.
Initialize engine version: 2020.3.4f1 (0abb6314276a)
[Subsystems] Discovering subsystems at path C:/Program Files/Unity/Hub/Editor/2020.3.4f1/Editor/Data/Resources/UnitySubsystems
[Subsystems] Discovering subsystems at path C:/Users/Devon/Documents/GitHub/PPG-Wayfinding/PPG Resit/Assets
GfxDevice: creating device client; threaded=0
Direct3D:
    Version:  Direct3D 11.0 [level 11.1]
    Renderer: NVIDIA GeForce GTX 1060 3GB (ID=0x1c02)
    Vendor:   
    VRAM:     2988 MB
    Driver:   30.0.14.9729
Initialize mono
Mono path[0] = 'C:/Program Files/Unity/Hub/Editor/2020.3.4f1/Editor/Data/Managed'
Mono path[1] = 'C:/Program Files/Unity/Hub/Editor/2020.3.4f1/Editor/Data/MonoBleedingEdge/lib/mono/unityjit'
Mono config path = 'C:/Program Files/Unity/Hub/Editor/2020.3.4f1/Editor/Data/MonoBleedingEdge/etc'
Using monoOptions --debugger-agent=transport=dt_socket,embedding=1,server=y,suspend=n,address=127.0.0.1:56420
Begin MonoManager ReloadAssembly
Registering precompiled unity dll's ...
Register platform support module: C:/Program Files/Unity/Hub/Editor/2020.3.4f1/Editor/Data/PlaybackEngines/WindowsStandaloneSupport/UnityEditor.WindowsStandalone.Extensions.dll
Registered in 0.001689 seconds.
Native extension for WindowsStandalone target not found
Refreshing native plugins compatible for Editor in 46.39 ms, found 1 plugins.
Preloading 0 native plugins for Editor in 0.00 ms.
Mono: successfully reloaded assembly
- Completed reload, in  2.658 seconds
Platform modules already initialized, skipping
Registering precompiled user dll's ...
Registered in 0.001201 seconds.
Begin MonoManager ReloadAssembly
Native extension for WindowsStandalone target not found
Refreshing native plugins compatible for Editor in 197.10 ms, found 1 plugins.
Preloading 0 native plugins for Editor in 0.00 ms.
Mono: successfully reloaded assembly
- Completed reload, in  3.882 seconds
Platform modules already initialized, skipping
========================================================================
Worker process is ready to serve import requests
Launched and connected shader compiler UnityShaderCompiler.exe after 0.13 seconds
Refreshing native plugins compatible for Editor in 0.43 ms, found 1 plugins.
Preloading 0 native plugins for Editor in 0.00 ms.
Unloading 2021 Unused Serialized files (Serialized files now loaded: 0)
System memory in use before: 93.9 MB.
System memory in use after: 93.9 MB.

Unloading 25 unused Assets to reduce memory usage. Loaded Objects now: 2466.
Total: 3.570800 ms (FindLiveObjects: 0.234000 ms CreateObjectMapping: 0.110400 ms MarkObjects: 3.029700 ms  DeleteObjects: 0.194800 ms)

========================================================================
Received Import Request.
  path: Assets/Scripts/Phone.cs
  artifactKey: Guid(0b3e7b27536c22342abbd28be80055b3) Importer(815301076,1909f56bfc062723c751e8b465ee728b)
Start importing Assets/Scripts/Phone.cs using Guid(0b3e7b27536c22342abbd28be80055b3) Importer(815301076,1909f56bfc062723c751e8b465ee728b)  -> (artifact id: '28b1cd69dd1859f43f6eb0a4bf11f8b8') in 0.055795 seconds
  Import took 0.062899 seconds .

========================================================================
Received Import Request.
  Time since last request: 0.000427 seconds.
  path: Assets/Scripts/EventManager.cs
  artifactKey: Guid(7a86dc7c23febcc42af25890635dac50) Importer(815301076,1909f56bfc062723c751e8b465ee728b)
Start importing Assets/Scripts/EventManager.cs using Guid(7a86dc7c23febcc42af25890635dac50) Importer(815301076,1909f56bfc062723c751e8b465ee728b)  -> (artifact id: 'efff6cbbce6929d18959de9fb68d82c4') in 0.014558 seconds
  Import took 0.021841 seconds .

========================================================================
Received Import Request.
  Time since last request: 0.000392 seconds.
  path: Assets/Scripts/PauseMenu.cs
  artifactKey: Guid(516bba16d712adf4cbba936ffdccb595) Importer(815301076,1909f56bfc062723c751e8b465ee728b)
Start importing Assets/Scripts/PauseMenu.cs using Guid(516bba16d712adf4cbba936ffdccb595) Importer(815301076,1909f56bfc062723c751e8b465ee728b)  -> (artifact id: '908bb62c9da77489bfa22ebcaf512091') in 0.024989 seconds
  Import took 0.030329 seconds .

========================================================================
Received Import Request.
  Time since last request: 0.704098 seconds.
  path: Assets/Scripts/MinigameController.cs
  artifactKey: Guid(1fa35da80db2bf444a28f393a861fab7) Importer(815301076,1909f56bfc062723c751e8b465ee728b)
Start importing Assets/Scripts/MinigameController.cs using Guid(1fa35da80db2bf444a28f393a861fab7) Importer(815301076,1909f56bfc062723c751e8b465ee728b)  -> (artifact id: '4cd3d7e42b4fd57eecef7f5fd3044598') in 0.024113 seconds
  Import took 0.036688 seconds .

========================================================================
Received Prepare
Registering precompiled user dll's ...
Registered in 0.002395 seconds.
Begin MonoManager ReloadAssembly
Native extension for WindowsStandalone target not found
Refreshing native plugins compatible for Editor in 0.45 ms, found 1 plugins.
Preloading 0 native plugins for Editor in 0.00 ms.
Mono: successfully reloaded assembly
- Completed reload, in  1.066 seconds
Platform modules already initialized, skipping
Refreshing native plugins compatible for Editor in 1.84 ms, found 1 plugins.
Preloading 0 native plugins for Editor in 0.00 ms.
Unloading 2001 Unused Serialized files (Serialized files now loaded: 0)
System memory in use before: 92.5 MB.
System memory in use after: 92.4 MB.

Unloading 13 unused Assets to reduce memory usage. Loaded Objects now: 2470.
Total: 2.537000 ms (FindLiveObjects: 0.195100 ms CreateObjectMapping: 0.252300 ms MarkObjects: 1.971000 ms  DeleteObjects: 0.117300 ms)

========================================================================
Received Import Request.
  Time since last request: 44.596789 seconds.
  path: Assets/Scripts/EventManager.cs
  artifactKey: Guid(7a86dc7c23febcc42af25890635dac50) Importer(815301076,1909f56bfc062723c751e8b465ee728b)
Start importing Assets/Scripts/EventManager.cs using Guid(7a86dc7c23febcc42af25890635dac50) Importer(815301076,1909f56bfc062723c751e8b465ee728b)  -> (artifact id: '1dac144a36707a5e895dfa5886280bbc') in 0.005694 seconds
  Import took 0.009949 seconds .

========================================================================
Received Prepare
Registering precompiled user dll's ...
Registered in 0.028995 seconds.
Begin MonoManager ReloadAssembly
Native extension for WindowsStandalone target not found
Refreshing native plugins compatible for Editor in 2.26 ms, found 1 plugins.
Preloading 0 native plugins for Editor in 0.00 ms.
Mono: successfully reloaded assembly
- Completed reload, in 11.995 seconds
Platform modules already initialized, skipping
Refreshing native plugins compatible for Editor in 0.46 ms, found 1 plugins.
Preloading 0 native plugins for Editor in 0.00 ms.
Unloading 2001 Unused Serialized files (Serialized files now loaded: 0)
System memory in use before: 92.5 MB.
System memory in use after: 92.5 MB.

Unloading 13 unused Assets to reduce memory usage. Loaded Objects now: 2474.
Total: 26.260800 ms (FindLiveObjects: 0.270700 ms CreateObjectMapping: 0.113600 ms MarkObjects: 25.753400 ms  DeleteObjects: 0.120900 ms)

========================================================================
Received Prepare
Registering precompiled user dll's ...
Registered in 0.005000 seconds.
Begin MonoManager ReloadAssembly
Native extension for WindowsStandalone target not found
Refreshing native plugins compatible for Editor in 0.63 ms, found 1 plugins.
Preloading 0 native plugins for Editor in 0.00 ms.
Mono: successfully reloaded assembly
- Completed reload, in  2.833 seconds
Platform modules already initialized, skipping
Refreshing native plugins compatible for Editor in 0.55 ms, found 1 plugins.
Preloading 0 native plugins for Editor in 0.00 ms.
Unloading 2001 Unused Serialized files (Serialized files now loaded: 0)
System memory in use before: 92.5 MB.
System memory in use after: 92.5 MB.

Unloading 13 unused Assets to reduce memory usage. Loaded Objects now: 2478.
Total: 2.505600 ms (FindLiveObjects: 0.292200 ms CreateObjectMapping: 0.162900 ms MarkObjects: 1.917600 ms  DeleteObjects: 0.131300 ms)

========================================================================
Received Prepare
Registering precompiled user dll's ...
Registered in 0.004199 seconds.
Begin MonoManager ReloadAssembly
Native extension for WindowsStandalone target not found
Refreshing native plugins compatible for Editor in 0.50 ms, found 1 plugins.
Preloading 0 native plugins for Editor in 0.00 ms.
Mono: successfully reloaded assembly
- Completed reload, in  2.049 seconds
Platform modules already initialized, skipping
Refreshing native plugins compatible for Editor in 0.39 ms, found 1 plugins.
Preloading 0 native plugins for Editor in 0.00 ms.
Unloading 2001 Unused Serialized files (Serialized files now loaded: 0)
System memory in use before: 92.5 MB.
System memory in use after: 92.5 MB.

Unloading 13 unused Assets to reduce memory usage. Loaded Objects now: 2482.
Total: 4.847900 ms (FindLiveObjects: 0.202000 ms CreateObjectMapping: 0.258900 ms MarkObjects: 4.237400 ms  DeleteObjects: 0.148100 ms)

========================================================================
Received Prepare
Registering precompiled user dll's ...
Registered in 0.004102 seconds.
Begin MonoManager ReloadAssembly
Native extension for WindowsStandalone target not found
Refreshing native plugins compatible for Editor in 0.47 ms, found 1 plugins.
Preloading 0 native plugins for Editor in 0.00 ms.
Mono: successfully reloaded assembly
- Completed reload, in  1.216 seconds
Platform modules already initialized, skipping
Refreshing native plugins compatible for Editor in 0.78 ms, found 1 plugins.
Preloading 0 native plugins for Editor in 0.00 ms.
Unloading 2001 Unused Serialized files (Serialized files now loaded: 0)
System memory in use before: 92.6 MB.
System memory in use after: 92.5 MB.

Unloading 13 unused Assets to reduce memory usage. Loaded Objects now: 2486.
Total: 3.866000 ms (FindLiveObjects: 1.021500 ms CreateObjectMapping: 0.449300 ms MarkObjects: 2.259300 ms  DeleteObjects: 0.133600 ms)

AssetImportWorkerClient::OnTransportError - code=2 error=End of file
